<?xml version="1.0" encoding="UTF-8"?>
<!-- Generated by org.testng.reporters.JUnitReportReporter -->
<testsuite hostname="DESKTOP-AAHVUME" failures="0" tests="1" name="SeleniumWithTestNG.ConformBoxDemo1" time="12.248" errors="0" timestamp="2024-08-24T12:18:37 IST" skipped="0">
  <testcase classname="SeleniumWithTestNG.ConformBoxDemo1" name="comfortbox" time="12.248"/>
  <system-out/>
</testsuite> <!-- SeleniumWithTestNG.ConformBoxDemo1 -->
