<?xml version="1.0" encoding="UTF-8"?>
<!-- Generated by org.testng.reporters.JUnitReportReporter -->
<testsuite hostname="DESKTOP-AAHVUME" failures="0" tests="1" name="SeleniumWithTestNG.ExplicitWaitDemo4" time="12.159" errors="0" timestamp="2024-09-01T09:43:42 IST" skipped="0">
  <testcase classname="SeleniumWithTestNG.ExplicitWaitDemo4" name="funA" time="12.159"/>
  <system-out/>
</testsuite> <!-- SeleniumWithTestNG.ExplicitWaitDemo4 -->
