<?xml version="1.0" encoding="UTF-8"?>
<!-- Generated by org.testng.reporters.JUnitReportReporter -->
<testsuite hostname="DESKTOP-AAHVUME" failures="0" tests="1" name="SeleniumWithTestNG.WebTableDemo2" time="9.710" errors="0" timestamp="2024-08-25T13:40:19 IST" skipped="0">
  <testcase classname="SeleniumWithTestNG.WebTableDemo2" name="funA" time="9.710"/>
  <system-out/>
</testsuite> <!-- SeleniumWithTestNG.WebTableDemo2 -->
