<?xml version="1.0" encoding="UTF-8"?>
<!-- Generated by org.testng.reporters.JUnitReportReporter -->
<testsuite hostname="DESKTOP-AAHVUME" failures="0" tests="1" name="SeleniumWithTestNG.DropDownDemo1" time="16.818" errors="0" timestamp="2024-08-21T08:14:34 IST" skipped="0">
  <testcase classname="SeleniumWithTestNG.DropDownDemo1" name="dropDownTest" time="16.818"/>
  <system-out/>
</testsuite> <!-- SeleniumWithTestNG.DropDownDemo1 -->
