<?xml version="1.0" encoding="UTF-8"?>
<!-- Generated by org.testng.reporters.JUnitReportReporter -->
<testsuite hostname="DESKTOP-AAHVUME" failures="0" tests="1" name="SeleniumWithTestNG.DragandDemo1" time="5.295" errors="0" timestamp="2024-08-30T11:40:18 IST" skipped="0">
  <testcase classname="SeleniumWithTestNG.DragandDemo1" name="funA" time="5.295"/>
  <system-out/>
</testsuite> <!-- SeleniumWithTestNG.DragandDemo1 -->
