<?xml version="1.0" encoding="UTF-8"?>
<!-- Generated by org.testng.reporters.JUnitReportReporter -->
<testsuite hostname="DESKTOP-AAHVUME" failures="0" tests="1" name="SeleniumWithTestNG.LableDemo2" time="6.555" errors="0" timestamp="2024-08-30T11:54:45 IST" skipped="0">
  <testcase classname="SeleniumWithTestNG.LableDemo2" name="funA" time="6.555"/>
  <system-out/>
</testsuite> <!-- SeleniumWithTestNG.LableDemo2 -->
