<?xml version="1.0" encoding="UTF-8"?>
<!-- Generated by org.testng.reporters.JUnitReportReporter -->
<testsuite hostname="DESKTOP-AAHVUME" failures="0" tests="1" name="SeleniumWithTestNG.LinksCountDemo1" time="5.075" errors="0" timestamp="2024-08-21T08:39:51 IST" skipped="0">
  <testcase classname="SeleniumWithTestNG.LinksCountDemo1" name="linksCount" time="5.075"/>
  <system-out/>
</testsuite> <!-- SeleniumWithTestNG.LinksCountDemo1 -->
