<?xml version="1.0" encoding="UTF-8"?>
<!-- Generated by org.testng.reporters.JUnitReportReporter -->
<testsuite hostname="DESKTOP-AAHVUME" failures="0" tests="4" name="TestngDemo.TestNGDemo2A" time="0.008" errors="0" timestamp="2024-08-17T11:45:07 IST" skipped="0">
  <testcase classname="TestngDemo.TestNGDemo2A" name="funB" time="0.002"/>
  <system-out/>
  <testcase classname="TestngDemo.TestNGDemo2A" name="funA" time="0.002"/>
  <system-out/>
  <testcase classname="TestngDemo.TestNGDemo2A" name="funC" time="0.002"/>
  <system-out/>
  <testcase classname="TestngDemo.TestNGDemo2A" name="anil" time="0.002"/>
  <system-out/>
</testsuite> <!-- TestngDemo.TestNGDemo2A -->
