<?xml version="1.0" encoding="UTF-8"?>
<!-- Generated by org.testng.reporters.JUnitReportReporter -->
<testsuite hostname="DESKTOP-AAHVUME" failures="0" tests="1" name="SeleniumWithTestNG.ExplicitWaitDemo2" time="39.101" errors="0" timestamp="2024-08-31T08:20:33 IST" skipped="0">
  <testcase classname="SeleniumWithTestNG.ExplicitWaitDemo2" name="funA" time="39.101"/>
  <system-out/>
</testsuite> <!-- SeleniumWithTestNG.ExplicitWaitDemo2 -->
