<?xml version="1.0" encoding="UTF-8"?>
<!-- Generated by org.testng.reporters.JUnitReportReporter -->
<testsuite hostname="DESKTOP-AAHVUME" failures="0" tests="4" name="TestngDemo.TestNGGroupsDemo1" time="0.023" errors="0" timestamp="2024-08-29T10:50:23 IST" skipped="0">
  <testcase classname="TestngDemo.TestNGGroupsDemo1" name="funA" time="0.014"/>
  <system-out/>
  <testcase classname="TestngDemo.TestNGGroupsDemo1" name="funC" time="0.004"/>
  <system-out/>
  <testcase classname="TestngDemo.TestNGGroupsDemo1" name="funD" time="0.003"/>
  <system-out/>
  <testcase classname="TestngDemo.TestNGGroupsDemo1" name="funB" time="0.002"/>
  <system-out/>
</testsuite> <!-- TestngDemo.TestNGGroupsDemo1 -->
