<?xml version="1.0" encoding="UTF-8"?>
<!-- Generated by org.testng.reporters.JUnitReportReporter -->
<testsuite hostname="DESKTOP-AAHVUME" failures="0" tests="1" name="TestngDemo.NewTestDemo" time="0.017" errors="0" timestamp="2024-08-17T11:45:07 IST" skipped="0">
  <testcase classname="TestngDemo.NewTestDemo" name="f" time="0.017"/>
  <system-out/>
</testsuite> <!-- TestngDemo.NewTestDemo -->
