<?xml version="1.0" encoding="UTF-8"?>
<!-- Generated by org.testng.reporters.JUnitReportReporter -->
<testsuite hostname="DESKTOP-AAHVUME" failures="0" tests="1" name="SeleniumWithTestNG.AlertDemo2" time="18.990" errors="0" timestamp="2024-08-24T11:55:32 IST" skipped="0">
  <testcase classname="SeleniumWithTestNG.AlertDemo2" name="dropDownTest" time="18.990"/>
  <system-out/>
</testsuite> <!-- SeleniumWithTestNG.AlertDemo2 -->
