<?xml version="1.0" encoding="UTF-8"?>
<!-- Generated by org.testng.reporters.JUnitReportReporter -->
<testsuite hostname="DESKTOP-AAHVUME" failures="0" tests="1" name="SeleniumWithTestNG.AlertHYRDemo1" time="11.334" errors="0" timestamp="2024-08-24T07:40:46 IST" skipped="0">
  <testcase classname="SeleniumWithTestNG.AlertHYRDemo1" name="alert" time="11.334"/>
  <system-out/>
</testsuite> <!-- SeleniumWithTestNG.AlertHYRDemo1 -->
