<?xml version="1.0" encoding="UTF-8"?>
<!-- Generated by org.testng.reporters.JUnitReportReporter -->
<testsuite hostname="DESKTOP-AAHVUME" failures="0" tests="1" name="TestngDemo.TestNGAnnotationsDemo4" time="0.009" errors="0" timestamp="2024-08-29T10:46:10 IST" skipped="0">
  <testcase classname="TestngDemo.TestNGAnnotationsDemo4" name="funA" time="0.009"/>
  <system-out/>
</testsuite> <!-- TestngDemo.TestNGAnnotationsDemo4 -->
