<?xml version="1.0" encoding="UTF-8"?>
<!-- Generated by org.testng.reporters.JUnitReportReporter -->
<testsuite hostname="DESKTOP-AAHVUME" failures="0" tests="1" name="SeleniumWithTestNG.DropDownDemo2" time="30.514" errors="0" timestamp="2024-08-21T11:53:18 IST" skipped="0">
  <testcase classname="SeleniumWithTestNG.DropDownDemo2" name="dropDownTest" time="30.514"/>
  <system-out/>
</testsuite> <!-- SeleniumWithTestNG.DropDownDemo2 -->
