<?xml version="1.0" encoding="UTF-8"?>
<!-- Generated by org.testng.reporters.JUnitReportReporter -->
<testsuite hostname="DESKTOP-AAHVUME" failures="0" tests="1" name="SeleniumWithTestNG.ImplicitWaitDemo1" time="11.702" errors="0" timestamp="2024-09-01T09:54:39 IST" skipped="0">
  <testcase classname="SeleniumWithTestNG.ImplicitWaitDemo1" name="funA" time="11.702"/>
  <system-out/>
</testsuite> <!-- SeleniumWithTestNG.ImplicitWaitDemo1 -->
