<?xml version="1.0" encoding="UTF-8"?>
<!-- Generated by org.testng.reporters.JUnitReportReporter -->
<testsuite hostname="DESKTOP-AAHVUME" failures="0" tests="1" name="TestngDemo.TestNGAnnotationsDemo3" time="0.008" errors="0" timestamp="2024-08-20T18:45:02 IST" skipped="0">
  <testcase classname="TestngDemo.TestNGAnnotationsDemo3" name="funA" time="0.008"/>
  <system-out/>
</testsuite> <!-- TestngDemo.TestNGAnnotationsDemo3 -->
