<?xml version="1.0" encoding="UTF-8"?>
<!-- Generated by org.testng.reporters.JUnitReportReporter -->
<testsuite hostname="DESKTOP-AAHVUME" failures="0" tests="2" name="TestngDemo.TestNGAnnotationsDemo1" time="0.011" errors="0" timestamp="2024-08-18T18:43:30 IST" skipped="0">
  <testcase classname="TestngDemo.TestNGAnnotationsDemo1" name="funA" time="0.009"/>
  <system-out/>
  <testcase classname="TestngDemo.TestNGAnnotationsDemo1" name="funB" time="0.002"/>
  <system-out/>
</testsuite> <!-- TestngDemo.TestNGAnnotationsDemo1 -->
