<?xml version="1.0" encoding="UTF-8"?>
<!-- Generated by org.testng.reporters.JUnitReportReporter -->
<testsuite hostname="DESKTOP-AAHVUME" failures="0" tests="1" name="SeleniumWithTestNG.MouseOverDemo2" time="4.420" errors="0" timestamp="2024-08-27T08:32:52 IST" skipped="0">
  <testcase classname="SeleniumWithTestNG.MouseOverDemo2" name="funA" time="4.420"/>
  <system-out/>
</testsuite> <!-- SeleniumWithTestNG.MouseOverDemo2 -->
