<?xml version="1.0" encoding="UTF-8"?>
<!-- Generated by org.testng.reporters.JUnitReportReporter -->
<testsuite hostname="DESKTOP-AAHVUME" failures="0" tests="1" name="SeleniumWithTestNG.MercuryDemo1" time="12.378" errors="0" timestamp="2024-08-28T07:28:35 IST" skipped="0">
  <testcase classname="SeleniumWithTestNG.MercuryDemo1" name="funA" time="12.378"/>
  <system-out/>
</testsuite> <!-- SeleniumWithTestNG.MercuryDemo1 -->
