<?xml version="1.0" encoding="UTF-8"?>
<!-- Generated by org.testng.reporters.JUnitReportReporter -->
<testsuite hostname="DESKTOP-AAHVUME" failures="0" tests="4" name="TestngDemo.TestNGDemo2" time="0.006" errors="0" timestamp="2024-08-17T11:45:07 IST" skipped="0">
  <testcase classname="TestngDemo.TestNGDemo2" name="funD" time="0.001"/>
  <system-out/>
  <testcase classname="TestngDemo.TestNGDemo2" name="funC" time="0.002"/>
  <system-out/>
  <testcase classname="TestngDemo.TestNGDemo2" name="funA" time="0.001"/>
  <system-out/>
  <testcase classname="TestngDemo.TestNGDemo2" name="funB" time="0.002"/>
  <system-out/>
</testsuite> <!-- TestngDemo.TestNGDemo2 -->
