<?xml version="1.0" encoding="UTF-8"?>
<!-- Generated by org.testng.reporters.JUnitReportReporter -->
<testsuite hostname="DESKTOP-AAHVUME" failures="0" tests="1" name="SeleniumWithTestNG.ExplicitWaitDemo3" time="14.656" errors="0" timestamp="2024-08-31T18:05:46 IST" skipped="0">
  <testcase classname="SeleniumWithTestNG.ExplicitWaitDemo3" name="funA" time="14.656"/>
  <system-out/>
</testsuite> <!-- SeleniumWithTestNG.ExplicitWaitDemo3 -->
