<?xml version="1.0" encoding="UTF-8"?>
<!-- Generated by org.testng.reporters.JUnitReportReporter -->
<testsuite hostname="DESKTOP-AAHVUME" failures="0" tests="4" name="TestngDemo.TestNGDemo3" time="0.017" errors="0" timestamp="2024-08-29T10:48:13 IST" skipped="2">
  <testcase classname="TestngDemo.TestNGDemo3" name="funA" time="0.012"/>
  <system-out/>
  <testcase classname="TestngDemo.TestNGDemo3" name="funB" time="0.002"/>
  <system-out/>
  <testcase classname="TestngDemo.TestNGDemo3" name="funC" time="0.003">
    <skipped/>
  </testcase> <!-- funC -->
  <system-out/>
  <testcase classname="TestngDemo.TestNGDemo3" name="funD">
    <skipped/>
  </testcase> <!-- funD -->
  <system-out/>
</testsuite> <!-- TestngDemo.TestNGDemo3 -->
