<?xml version="1.0" encoding="UTF-8"?>
<!-- Generated by org.testng.reporters.JUnitReportReporter -->
<testsuite hostname="DESKTOP-AAHVUME" failures="0" tests="1" name="SeleniumWithTestNG.PromptBoxDemo2" time="10.466" errors="0" timestamp="2024-08-24T12:28:33 IST" skipped="0">
  <testcase classname="SeleniumWithTestNG.PromptBoxDemo2" name="comfortbox" time="10.466"/>
  <system-out/>
</testsuite> <!-- SeleniumWithTestNG.PromptBoxDemo2 -->
