<?xml version="1.0" encoding="UTF-8"?>
<!-- Generated by org.testng.reporters.JUnitReportReporter -->
<testsuite hostname="DESKTOP-AAHVUME" failures="0" tests="1" name="SeleniumWithTestNG.AlertHYRDemo2" time="10.646" errors="0" timestamp="2024-08-24T12:16:43 IST" skipped="0">
  <testcase classname="SeleniumWithTestNG.AlertHYRDemo2" name="alert" time="10.646"/>
  <system-out/>
</testsuite> <!-- SeleniumWithTestNG.AlertHYRDemo2 -->
