<?xml version="1.0" encoding="UTF-8"?>
<!-- Generated by org.testng.reporters.JUnitReportReporter -->
<testsuite hostname="DESKTOP-AAHVUME" failures="0" tests="1" name="SeleniumWithTestNG.ConformBoxDemo2" time="11.570" errors="0" timestamp="2024-08-24T12:19:34 IST" skipped="0">
  <testcase classname="SeleniumWithTestNG.ConformBoxDemo2" name="comfortbox" time="11.570"/>
  <system-out/>
</testsuite> <!-- SeleniumWithTestNG.ConformBoxDemo2 -->
