<?xml version="1.0" encoding="UTF-8"?>
<!-- Generated by org.testng.reporters.JUnitReportReporter -->
<testsuite hostname="DESKTOP-AAHVUME" failures="0" tests="1" name="SeleniumWithTestNG.PromptBoxDemo1" time="13.894" errors="0" timestamp="2024-08-24T12:27:07 IST" skipped="0">
  <testcase classname="SeleniumWithTestNG.PromptBoxDemo1" name="comfortbox" time="13.894"/>
  <system-out/>
</testsuite> <!-- SeleniumWithTestNG.PromptBoxDemo1 -->
