<?xml version="1.0" encoding="UTF-8"?>
<!-- Generated by org.testng.reporters.JUnitReportReporter -->
<testsuite hostname="DESKTOP-AAHVUME" failures="0" tests="1" name="ExtentenTreportsDemo.ExtentReportDemo4" time="0.649" errors="0" timestamp="2024-09-05T08:37:44 IST" skipped="0">
  <testcase classname="ExtentenTreportsDemo.ExtentReportDemo4" name="funA" time="0.649"/>
  <system-out/>
</testsuite> <!-- ExtentenTreportsDemo.ExtentReportDemo4 -->
