<?xml version="1.0" encoding="UTF-8"?>
<!-- Generated by org.testng.reporters.JUnitReportReporter -->
<testsuite hostname="DESKTOP-AAHVUME" failures="0" tests="3" name="DDFWDemo1.DataProviderDemo2" time="0.007" errors="0" timestamp="2024-09-01T12:17:49 IST" skipped="0">
  <testcase classname="DDFWDemo1.DataProviderDemo2" name="funA" time="0.000"/>
  <system-out/>
  <testcase classname="DDFWDemo1.DataProviderDemo2" name="funA" time="0.006"/>
  <system-out/>
  <testcase classname="DDFWDemo1.DataProviderDemo2" name="funA" time="0.001"/>
  <system-out/>
</testsuite> <!-- DDFWDemo1.DataProviderDemo2 -->
