<?xml version="1.0" encoding="UTF-8"?>
<!-- Generated by org.testng.reporters.JUnitReportReporter -->
<testsuite hostname="DESKTOP-AAHVUME" failures="0" tests="1" name="DDFWDemo1.ScreenShotDemo2" time="9.876" errors="0" timestamp="2024-09-05T07:37:48 IST" skipped="0">
  <testcase classname="DDFWDemo1.ScreenShotDemo2" name="funA" time="9.876"/>
  <system-out/>
</testsuite> <!-- DDFWDemo1.ScreenShotDemo2 -->
