<?xml version="1.0" encoding="UTF-8"?>
<!-- Generated by org.testng.reporters.JUnitReportReporter -->
<testsuite hostname="DESKTOP-AAHVUME" failures="0" tests="3" name="DDFWDemo1.DataProviderDemo4" time="0.007" errors="0" timestamp="2024-09-01T12:50:41 IST" skipped="0">
  <testcase classname="DDFWDemo1.DataProviderDemo4" name="funA" time="0.002"/>
  <system-out/>
  <testcase classname="DDFWDemo1.DataProviderDemo4" name="funA" time="0.004"/>
  <system-out/>
  <testcase classname="DDFWDemo1.DataProviderDemo4" name="funA" time="0.001"/>
  <system-out/>
</testsuite> <!-- DDFWDemo1.DataProviderDemo4 -->
