<?xml version="1.0" encoding="UTF-8"?>
<!-- Generated by org.testng.reporters.JUnitReportReporter -->
<testsuite hostname="DESKTOP-AAHVUME" failures="0" tests="3" name="DDFWDemo1.DDFWDemo3" time="18.122" errors="0" timestamp="2024-09-02T11:53:51 IST" skipped="0">
  <testcase classname="DDFWDemo1.DDFWDemo3" name="funA" time="5.465"/>
  <system-out/>
  <testcase classname="DDFWDemo1.DDFWDemo3" name="funA" time="6.837"/>
  <system-out/>
  <testcase classname="DDFWDemo1.DDFWDemo3" name="funA" time="5.820"/>
  <system-out/>
</testsuite> <!-- DDFWDemo1.DDFWDemo3 -->
