<?xml version="1.0" encoding="UTF-8"?>
<!-- Generated by org.testng.reporters.JUnitReportReporter -->
<testsuite hostname="DESKTOP-AAHVUME" failures="0" tests="1" name="DDFWDemo1.ScreenShotDemo1" time="10.595" errors="0" timestamp="2024-09-04T18:39:31 IST" skipped="0">
  <testcase classname="DDFWDemo1.ScreenShotDemo1" name="ScreenShotDemo" time="10.595"/>
  <system-out/>
</testsuite> <!-- DDFWDemo1.ScreenShotDemo1 -->
