<?xml version="1.0" encoding="UTF-8"?>
<!-- Generated by org.testng.reporters.JUnitReportReporter -->
<testsuite hostname="DESKTOP-AAHVUME" failures="0" tests="1" name="IODemo.FileDemo" time="0.014" errors="0" timestamp="2024-09-03T12:12:04 IST" skipped="0">
  <testcase classname="IODemo.FileDemo" name="funA" time="0.014"/>
  <system-out/>
</testsuite> <!-- IODemo.FileDemo -->
