<?xml version="1.0" encoding="UTF-8"?>
<!-- Generated by org.testng.reporters.JUnitReportReporter -->
<testsuite hostname="DESKTOP-AAHVUME" failures="0" tests="1" name="DDFWDemo1.DDFWDemo2" time="6.079" errors="0" timestamp="2024-09-01T12:52:42 IST" skipped="0">
  <testcase classname="DDFWDemo1.DDFWDemo2" name="funA" time="6.079"/>
  <system-out/>
</testsuite> <!-- DDFWDemo1.DDFWDemo2 -->
