<?xml version="1.0" encoding="UTF-8"?>
<!-- Generated by org.testng.reporters.JUnitReportReporter -->
<testsuite hostname="DESKTOP-AAHVUME" failures="0" tests="1" name="IODemo.PropertiesDemo1" time="0.012" errors="0" timestamp="2024-09-03T11:27:00 IST" skipped="0">
  <testcase classname="IODemo.PropertiesDemo1" name="properTest" time="0.012"/>
  <system-out/>
</testsuite> <!-- IODemo.PropertiesDemo1 -->
