<?xml version="1.0" encoding="UTF-8"?>
<!-- Generated by org.testng.reporters.JUnitReportReporter -->
<testsuite hostname="DESKTOP-AAHVUME" failures="0" tests="1" name="IODemo.FileInputOutputDemo1" time="0.012" errors="0" timestamp="2024-09-03T12:19:19 IST" skipped="0">
  <testcase classname="IODemo.FileInputOutputDemo1" name="funA" time="0.012"/>
  <system-out/>
</testsuite> <!-- IODemo.FileInputOutputDemo1 -->
