<?xml version="1.0" encoding="UTF-8"?>
<!-- Generated by org.testng.reporters.JUnitReportReporter -->
<testsuite hostname="DESKTOP-AAHVUME" failures="0" tests="3" name="FWDemo1.DataProviderDemo6" time="0.032" errors="0" timestamp="2024-11-17T12:18:27 IST" skipped="0">
  <testcase classname="FWDemo1.DataProviderDemo6" name="funA" time="0.004"/>
  <system-out/>
  <testcase classname="FWDemo1.DataProviderDemo6" name="funA" time="0.024"/>
  <system-out/>
  <testcase classname="FWDemo1.DataProviderDemo6" name="funA" time="0.004"/>
  <system-out/>
</testsuite> <!-- FWDemo1.DataProviderDemo6 -->
