<?xml version="1.0" encoding="UTF-8"?>
<!-- Generated by org.testng.reporters.JUnitReportReporter -->
<testsuite hostname="DESKTOP-AAHVUME" failures="0" tests="1" name="IODemo1.FileDemo1" time="0.024" errors="0" timestamp="2024-11-17T13:04:30 IST" skipped="0">
  <testcase classname="IODemo1.FileDemo1" name="fileTest" time="0.024"/>
  <system-out/>
</testsuite> <!-- IODemo1.FileDemo1 -->
