<?xml version="1.0" encoding="UTF-8"?>
<!-- Generated by org.testng.reporters.JUnitReportReporter -->
<testsuite hostname="DESKTOP-AAHVUME" failures="0" tests="1" name="IODemo1.FileInputOutputDemo1" time="0.014" errors="0" timestamp="2024-11-17T12:52:22 IST" skipped="0">
  <testcase classname="IODemo1.FileInputOutputDemo1" name="fileInputOutputTest" time="0.014"/>
  <system-out/>
</testsuite> <!-- IODemo1.FileInputOutputDemo1 -->
