<?xml version="1.0" encoding="UTF-8"?>
<!-- Generated by org.testng.reporters.JUnitReportReporter -->
<testsuite hostname="DESKTOP-AAHVUME" failures="0" tests="4" name="FWDemo1.TestNGInvokeDemo1" time="0.013" errors="0" timestamp="2024-11-17T11:14:35 IST" skipped="0">
  <testcase classname="FWDemo1.TestNGInvokeDemo1" name="funB" time="0.001"/>
  <system-out/>
  <testcase classname="FWDemo1.TestNGInvokeDemo1" name="funA" time="0.010"/>
  <system-out/>
  <testcase classname="FWDemo1.TestNGInvokeDemo1" name="funB" time="0.001"/>
  <system-out/>
  <testcase classname="FWDemo1.TestNGInvokeDemo1" name="funB" time="0.001"/>
  <system-out/>
</testsuite> <!-- FWDemo1.TestNGInvokeDemo1 -->
