<?xml version="1.0" encoding="UTF-8"?>
<!-- Generated by org.testng.reporters.JUnitReportReporter -->
<testsuite hostname="DESKTOP-AAHVUME" failures="0" tests="1" name="FWDemo1.DataProviderDemo3" time="0.006" errors="0" timestamp="2024-11-17T11:36:36 IST" skipped="0">
  <testcase classname="FWDemo1.DataProviderDemo3" name="funA" time="0.006"/>
  <system-out/>
</testsuite> <!-- FWDemo1.DataProviderDemo3 -->
