<?xml version="1.0" encoding="UTF-8"?>
<!-- Generated by org.testng.reporters.JUnitReportReporter -->
<testsuite hostname="DESKTOP-AAHVUME" failures="0" tests="3" name="FWDemo1.DataProviderDemo4" time="0.014" errors="0" timestamp="2024-11-17T11:42:37 IST" skipped="0">
  <testcase classname="FWDemo1.DataProviderDemo4" name="funA" time="0.002"/>
  <system-out/>
  <testcase classname="FWDemo1.DataProviderDemo4" name="funA" time="0.009"/>
  <system-out/>
  <testcase classname="FWDemo1.DataProviderDemo4" name="funA" time="0.003"/>
  <system-out/>
</testsuite> <!-- FWDemo1.DataProviderDemo4 -->
